[0317/144518:INFO:(0)] WebCore is now online.
[0317/144518:INFO:(0)] Running Awesomium 1.7.5.1
[0317/144525:ERROR:ssl_client_socket_nss.cc(1529)] handshake with server radar.cedexis.com:443 failed; NSS error code -5961, net_error -101
[0317/144531:ERROR:ssl_client_socket_nss.cc(1529)] handshake with server radar.cedexis.com:443 failed; NSS error code -5961, net_error -101
[0317/145932:INFO:(0)] WebCore is now online.
[0317/145932:INFO:(0)] Running Awesomium 1.7.5.1
[0317/145937:ERROR:ssl_client_socket_nss.cc(1529)] handshake with server radar.cedexis.com:443 failed; NSS error code -5961, net_error -101
[0317/145943:ERROR:ssl_client_socket_nss.cc(1529)] handshake with server radar.cedexis.com:443 failed; NSS error code -5961, net_error -101
[0317/151033:INFO:(0)] WebCore is now online.
[0317/151033:INFO:(0)] Running Awesomium 1.7.5.1
[0317/151039:ERROR:ssl_client_socket_nss.cc(1529)] handshake with server radar.cedexis.com:443 failed; NSS error code -5961, net_error -101
[0317/151044:ERROR:ssl_client_socket_nss.cc(1529)] handshake with server radar.cedexis.com:443 failed; NSS error code -5961, net_error -101
[0317/163619:INFO:(0)] WebCore is now online.
[0317/163619:INFO:(0)] Running Awesomium 1.7.5.1
[0317/163624:ERROR:ssl_client_socket_nss.cc(1529)] handshake with server radar.cedexis.com:443 failed; NSS error code -5961, net_error -101
[0317/163629:ERROR:ssl_client_socket_nss.cc(1529)] handshake with server radar.cedexis.com:443 failed; NSS error code -5961, net_error -101
[0317/170705:INFO:(0)] WebCore is now online.
[0317/170705:INFO:(0)] Running Awesomium 1.7.5.1
[0317/170710:ERROR:ssl_client_socket_nss.cc(1529)] handshake with server radar.cedexis.com:443 failed; NSS error code -5961, net_error -101
[0317/170716:ERROR:ssl_client_socket_nss.cc(1529)] handshake with server radar.cedexis.com:443 failed; NSS error code -5961, net_error -101
[0317/171629:WARNING:Awesomium.NET(0)] System.ComponentModel.InvalidAsynchronousStateException: An error occurred invoking the method.  The destination thread no longer exists.
   at System.Windows.Forms.WindowsFormsSynchronizationContext.Send(SendOrPostCallback d, Object state)
   at Awesomium.Core.WebCore.wvjjlbeQdqUVO5E6FXD(Object , Object , Object )
   at Awesomium.Core.WebCore.ioXQMTP1sf()
[0317/172646:INFO:(0)] WebCore is now online.
[0317/172646:INFO:(0)] Running Awesomium 1.7.5.1
[0317/172651:ERROR:ssl_client_socket_nss.cc(1529)] handshake with server radar.cedexis.com:443 failed; NSS error code -5961, net_error -101
[0317/172657:ERROR:ssl_client_socket_nss.cc(1529)] handshake with server radar.cedexis.com:443 failed; NSS error code -5961, net_error -101
[0317/173106:WARNING:Awesomium.NET(0)] System.ComponentModel.InvalidAsynchronousStateException: An error occurred invoking the method.  The destination thread no longer exists.
   at System.Windows.Forms.WindowsFormsSynchronizationContext.Send(SendOrPostCallback d, Object state)
   at Awesomium.Core.WebCore.wvjjlbeQdqUVO5E6FXD(Object , Object , Object )
   at Awesomium.Core.WebCore.ioXQMTP1sf()
[0317/173317:INFO:(0)] WebCore is now online.
[0317/173317:INFO:(0)] Running Awesomium 1.7.5.1
[0317/173322:ERROR:ssl_client_socket_nss.cc(1529)] handshake with server radar.cedexis.com:443 failed; NSS error code -5961, net_error -101
[0317/173328:ERROR:ssl_client_socket_nss.cc(1529)] handshake with server radar.cedexis.com:443 failed; NSS error code -5961, net_error -101
[0317/173611:WARNING:Awesomium.NET(0)] System.ComponentModel.InvalidAsynchronousStateException: An error occurred invoking the method.  The destination thread no longer exists.
   at System.Windows.Forms.WindowsFormsSynchronizationContext.Send(SendOrPostCallback d, Object state)
   at Awesomium.Core.WebCore.wvjjlbeQdqUVO5E6FXD(Object , Object , Object )
   at Awesomium.Core.WebCore.ioXQMTP1sf()
[0317/234104:INFO:(0)] WebCore is now online.
[0317/234104:INFO:(0)] Running Awesomium 1.7.5.1
[0317/234112:ERROR:ssl_client_socket_nss.cc(1529)] handshake with server radar.cedexis.com:443 failed; NSS error code -5961, net_error -101
[0317/234120:ERROR:ssl_client_socket_nss.cc(1529)] handshake with server radar.cedexis.com:443 failed; NSS error code -5961, net_error -101
[0317/234249:INFO:(0)] WebCore is now online.
[0317/234249:INFO:(0)] Running Awesomium 1.7.5.1
[0317/234253:ERROR:ssl_client_socket_nss.cc(1529)] handshake with server radar.cedexis.com:443 failed; NSS error code -5961, net_error -101
[0317/234300:ERROR:ssl_client_socket_nss.cc(1529)] handshake with server radar.cedexis.com:443 failed; NSS error code -5961, net_error -101
[0317/234704:INFO:(0)] WebCore is now online.
[0317/234704:INFO:(0)] Running Awesomium 1.7.5.1
[0317/234708:ERROR:ssl_client_socket_nss.cc(1529)] handshake with server radar.cedexis.com:443 failed; NSS error code -5961, net_error -101
[0317/234714:ERROR:ssl_client_socket_nss.cc(1529)] handshake with server radar.cedexis.com:443 failed; NSS error code -5961, net_error -101
[0317/235040:WARNING:Awesomium.NET(0)] System.ComponentModel.InvalidAsynchronousStateException: An error occurred invoking the method.  The destination thread no longer exists.
   at System.Windows.Forms.WindowsFormsSynchronizationContext.Send(SendOrPostCallback d, Object state)
   at Awesomium.Core.WebCore.wvjjlbeQdqUVO5E6FXD(Object , Object , Object )
   at Awesomium.Core.WebCore.ioXQMTP1sf()
[0317/235615:INFO:(0)] WebCore is now online.
[0317/235615:INFO:(0)] Running Awesomium 1.7.5.1
[0317/235619:ERROR:ssl_client_socket_nss.cc(1529)] handshake with server radar.cedexis.com:443 failed; NSS error code -5961, net_error -101
[0317/235629:ERROR:ssl_client_socket_nss.cc(1529)] handshake with server radar.cedexis.com:443 failed; NSS error code -5961, net_error -101
[0318/000727:WARNING:Awesomium.NET(0)] System.ComponentModel.InvalidAsynchronousStateException: An error occurred invoking the method.  The destination thread no longer exists.
   at System.Windows.Forms.Control.WaitForWaitHandle(WaitHandle waitHandle)
   at System.Windows.Forms.Control.MarshaledInvoke(Control caller, Delegate method, Object[] args, Boolean synchronous)
   at System.Windows.Forms.Control.Invoke(Delegate method, Object[] args)
   at System.Windows.Forms.WindowsFormsSynchronizationContext.Send(SendOrPostCallback d, Object state)
   at Awesomium.Core.WebCore.wvjjlbeQdqUVO5E6FXD(Object , Object , Object )
   at Awesomium.Core.WebCore.ioXQMTP1sf()
[0318/001758:INFO:(0)] WebCore is now online.
[0318/001758:INFO:(0)] Running Awesomium 1.7.5.1
[0318/001802:ERROR:ssl_client_socket_nss.cc(1529)] handshake with server radar.cedexis.com:443 failed; NSS error code -5961, net_error -101
[0318/001810:ERROR:ssl_client_socket_nss.cc(1529)] handshake with server radar.cedexis.com:443 failed; NSS error code -5961, net_error -101
[0318/002237:WARNING:Awesomium.NET(0)] System.ComponentModel.InvalidAsynchronousStateException: An error occurred invoking the method.  The destination thread no longer exists.
   at System.Windows.Forms.Control.WaitForWaitHandle(WaitHandle waitHandle)
   at System.Windows.Forms.Control.MarshaledInvoke(Control caller, Delegate method, Object[] args, Boolean synchronous)
   at System.Windows.Forms.Control.Invoke(Delegate method, Object[] args)
   at System.Windows.Forms.WindowsFormsSynchronizationContext.Send(SendOrPostCallback d, Object state)
   at Awesomium.Core.WebCore.wvjjlbeQdqUVO5E6FXD(Object , Object , Object )
   at Awesomium.Core.WebCore.ioXQMTP1sf()
[0318/003032:INFO:(0)] WebCore is now online.
[0318/003032:INFO:(0)] Running Awesomium 1.7.5.1
[0318/003037:ERROR:ssl_client_socket_nss.cc(1529)] handshake with server radar.cedexis.com:443 failed; NSS error code -5961, net_error -101
[0318/003043:ERROR:ssl_client_socket_nss.cc(1529)] handshake with server radar.cedexis.com:443 failed; NSS error code -5961, net_error -101
[0318/004040:WARNING:Awesomium.NET(0)] System.ComponentModel.InvalidAsynchronousStateException: An error occurred invoking the method.  The destination thread no longer exists.
   at System.Windows.Forms.WindowsFormsSynchronizationContext.Send(SendOrPostCallback d, Object state)
   at Awesomium.Core.WebCore.wvjjlbeQdqUVO5E6FXD(Object , Object , Object )
   at Awesomium.Core.WebCore.ioXQMTP1sf()
[0318/004202:INFO:(0)] WebCore is now online.
[0318/004202:INFO:(0)] Running Awesomium 1.7.5.1
[0318/004206:ERROR:ssl_client_socket_nss.cc(1529)] handshake with server radar.cedexis.com:443 failed; NSS error code -5961, net_error -101
[0318/004212:ERROR:ssl_client_socket_nss.cc(1529)] handshake with server radar.cedexis.com:443 failed; NSS error code -5961, net_error -101
[0318/005349:WARNING:Awesomium.NET(0)] System.ComponentModel.InvalidAsynchronousStateException: An error occurred invoking the method.  The destination thread no longer exists.
   at System.Windows.Forms.Control.WaitForWaitHandle(WaitHandle waitHandle)
   at System.Windows.Forms.Control.MarshaledInvoke(Control caller, Delegate method, Object[] args, Boolean synchronous)
   at System.Windows.Forms.Control.Invoke(Delegate method, Object[] args)
   at System.Windows.Forms.WindowsFormsSynchronizationContext.Send(SendOrPostCallback d, Object state)
   at Awesomium.Core.WebCore.wvjjlbeQdqUVO5E6FXD(Object , Object , Object )
   at Awesomium.Core.WebCore.ioXQMTP1sf()
[0318/185317:INFO:(0)] WebCore is now online.
[0318/185317:INFO:(0)] Running Awesomium 1.7.5.1
[0318/185321:ERROR:ssl_client_socket_nss.cc(1529)] handshake with server radar.cedexis.com:443 failed; NSS error code -5961, net_error -101
[0318/185335:ERROR:ssl_client_socket_nss.cc(1529)] handshake with server radar.cedexis.com:443 failed; NSS error code -5961, net_error -101
[0318/190038:WARNING:Awesomium.NET(0)] System.ComponentModel.InvalidAsynchronousStateException: An error occurred invoking the method.  The destination thread no longer exists.
   at System.Windows.Forms.WindowsFormsSynchronizationContext.Send(SendOrPostCallback d, Object state)
   at Awesomium.Core.WebCore.wvjjlbeQdqUVO5E6FXD(Object , Object , Object )
   at Awesomium.Core.WebCore.ioXQMTP1sf()
[0318/192156:INFO:(0)] WebCore is now online.
[0318/192156:INFO:(0)] Running Awesomium 1.7.5.1
[0318/192221:ERROR:ssl_client_socket_nss.cc(1529)] handshake with server radar.cedexis.com:443 failed; NSS error code -5961, net_error -101
[0318/192224:ERROR:ssl_client_socket_nss.cc(1529)] handshake with server radar.cedexis.com:443 failed; NSS error code -5961, net_error -101
[0318/205635:WARNING:Awesomium.NET(0)] System.ComponentModel.InvalidAsynchronousStateException: An error occurred invoking the method.  The destination thread no longer exists.
   at System.Windows.Forms.Control.WaitForWaitHandle(WaitHandle waitHandle)
   at System.Windows.Forms.Control.MarshaledInvoke(Control caller, Delegate method, Object[] args, Boolean synchronous)
   at System.Windows.Forms.Control.Invoke(Delegate method, Object[] args)
   at System.Windows.Forms.WindowsFormsSynchronizationContext.Send(SendOrPostCallback d, Object state)
   at Awesomium.Core.WebCore.wvjjlbeQdqUVO5E6FXD(Object , Object , Object )
   at Awesomium.Core.WebCore.ioXQMTP1sf()
